Build started 2015-01-28 23:20:29.
     1>Project "C:\Users\NZAU\Documents\Git\IFT3355\TP1\vs12\glfw\glfw.vcxproj" on node 2 (Rebuild target(s)).
     1>ClCompile:
         C:\Program Files (x86)\Microsoft Visual Studio 12.0\VC\bin\CL.exe /c /Zi /nologo /W0 /WX- /Od /Ob0 /Oy- /D WIN32 /D _WINDOWS /D _DEBUG /D _CRT_SECURE_NO_WARNINGS /D UNICODE /D WINVER=0x0501 /D _MBCS /Gm- /RTC1 /MDd /GS /fp:precise /Zc:wchar_t /Zc:forScope /Fo"C:\Users\NZAU\Documents\Git\IFT3355\TP1\vs12\..\tmp\int\Debug_Win32\glfw\\" /Fd"C:\Users\NZAU\Documents\Git\IFT3355\TP1\vs12\..\tmp\int\Debug_Win32\glfw\vc120.pdb" /Gd /TC /analyze- /errorReport:prompt ..\..\src\glfw\clipboard.c ..\..\src\glfw\context.c ..\..\src\glfw\gamma.c ..\..\src\glfw\init.c ..\..\src\glfw\input.c ..\..\src\glfw\joystick.c ..\..\src\glfw\monitor.c ..\..\src\glfw\time.c ..\..\src\glfw\wgl_context.c ..\..\src\glfw\win32_clipboard.c ..\..\src\glfw\win32_gamma.c ..\..\src\glfw\win32_init.c ..\..\src\glfw\win32_joystick.c ..\..\src\glfw\win32_monitor.c ..\..\src\glfw\win32_time.c ..\..\src\glfw\win32_window.c ..\..\src\glfw\window.c
         clipboard.c
         context.c
         gamma.c
         init.c
         input.c
         joystick.c
         monitor.c
         time.c
         wgl_context.c
         win32_clipboard.c
         win32_gamma.c
         win32_init.c
         win32_joystick.c
         win32_monitor.c
         win32_time.c
         win32_window.c
         window.c
         Generating Code...
       Lib:
         C:\Program Files (x86)\Microsoft Visual Studio 12.0\VC\bin\Lib.exe /OUT:"C:\Users\NZAU\Documents\Git\IFT3355\TP1\vs12\..\tmp\build\Debug_Win32\glfw\glfw.lib" OpenGL32.lib /NOLOGO C:\Users\NZAU\Documents\Git\IFT3355\TP1\vs12\..\tmp\int\Debug_Win32\glfw\clipboard.obj
         C:\Users\NZAU\Documents\Git\IFT3355\TP1\vs12\..\tmp\int\Debug_Win32\glfw\context.obj
         C:\Users\NZAU\Documents\Git\IFT3355\TP1\vs12\..\tmp\int\Debug_Win32\glfw\gamma.obj
         C:\Users\NZAU\Documents\Git\IFT3355\TP1\vs12\..\tmp\int\Debug_Win32\glfw\init.obj
         C:\Users\NZAU\Documents\Git\IFT3355\TP1\vs12\..\tmp\int\Debug_Win32\glfw\input.obj
         C:\Users\NZAU\Documents\Git\IFT3355\TP1\vs12\..\tmp\int\Debug_Win32\glfw\joystick.obj
         C:\Users\NZAU\Documents\Git\IFT3355\TP1\vs12\..\tmp\int\Debug_Win32\glfw\monitor.obj
         C:\Users\NZAU\Documents\Git\IFT3355\TP1\vs12\..\tmp\int\Debug_Win32\glfw\time.obj
         C:\Users\NZAU\Documents\Git\IFT3355\TP1\vs12\..\tmp\int\Debug_Win32\glfw\wgl_context.obj
         C:\Users\NZAU\Documents\Git\IFT3355\TP1\vs12\..\tmp\int\Debug_Win32\glfw\win32_clipboard.obj
         C:\Users\NZAU\Documents\Git\IFT3355\TP1\vs12\..\tmp\int\Debug_Win32\glfw\win32_gamma.obj
         C:\Users\NZAU\Documents\Git\IFT3355\TP1\vs12\..\tmp\int\Debug_Win32\glfw\win32_init.obj
         C:\Users\NZAU\Documents\Git\IFT3355\TP1\vs12\..\tmp\int\Debug_Win32\glfw\win32_joystick.obj
         C:\Users\NZAU\Documents\Git\IFT3355\TP1\vs12\..\tmp\int\Debug_Win32\glfw\win32_monitor.obj
         C:\Users\NZAU\Documents\Git\IFT3355\TP1\vs12\..\tmp\int\Debug_Win32\glfw\win32_time.obj
         C:\Users\NZAU\Documents\Git\IFT3355\TP1\vs12\..\tmp\int\Debug_Win32\glfw\win32_window.obj
         C:\Users\NZAU\Documents\Git\IFT3355\TP1\vs12\..\tmp\int\Debug_Win32\glfw\window.obj
         glfw.vcxproj -> C:\Users\NZAU\Documents\Git\IFT3355\TP1\vs12\..\tmp\build\Debug_Win32\glfw\glfw.lib
     1>Done Building Project "C:\Users\NZAU\Documents\Git\IFT3355\TP1\vs12\glfw\glfw.vcxproj" (Rebuild target(s)).

Build succeeded.

Time Elapsed 00:00:02.48
