c:\users\nzau\documents\git\ift3355\tp1\tmp\int\debug_win32\glfw\vc120.pdb
c:\users\nzau\documents\git\ift3355\tp1\tmp\int\debug_win32\glfw\window.obj
c:\users\nzau\documents\git\ift3355\tp1\tmp\int\debug_win32\glfw\win32_window.obj
c:\users\nzau\documents\git\ift3355\tp1\tmp\int\debug_win32\glfw\win32_time.obj
c:\users\nzau\documents\git\ift3355\tp1\tmp\int\debug_win32\glfw\win32_monitor.obj
c:\users\nzau\documents\git\ift3355\tp1\tmp\int\debug_win32\glfw\win32_joystick.obj
c:\users\nzau\documents\git\ift3355\tp1\tmp\int\debug_win32\glfw\win32_init.obj
c:\users\nzau\documents\git\ift3355\tp1\tmp\int\debug_win32\glfw\win32_gamma.obj
c:\users\nzau\documents\git\ift3355\tp1\tmp\int\debug_win32\glfw\win32_clipboard.obj
c:\users\nzau\documents\git\ift3355\tp1\tmp\int\debug_win32\glfw\wgl_context.obj
c:\users\nzau\documents\git\ift3355\tp1\tmp\int\debug_win32\glfw\time.obj
c:\users\nzau\documents\git\ift3355\tp1\tmp\int\debug_win32\glfw\monitor.obj
c:\users\nzau\documents\git\ift3355\tp1\tmp\int\debug_win32\glfw\joystick.obj
c:\users\nzau\documents\git\ift3355\tp1\tmp\int\debug_win32\glfw\input.obj
c:\users\nzau\documents\git\ift3355\tp1\tmp\int\debug_win32\glfw\init.obj
c:\users\nzau\documents\git\ift3355\tp1\tmp\int\debug_win32\glfw\gamma.obj
c:\users\nzau\documents\git\ift3355\tp1\tmp\int\debug_win32\glfw\context.obj
c:\users\nzau\documents\git\ift3355\tp1\tmp\int\debug_win32\glfw\clipboard.obj
c:\users\nzau\documents\git\ift3355\tp1\tmp\build\debug_win32\glfw\glfw.lib
c:\users\nzau\documents\git\ift3355\tp1\vs12\..\tmp\build\debug_win32\glfw\glfw.lib
c:\users\nzau\documents\git\ift3355\tp1\tmp\int\debug_win32\glfw\glfw.tlog\cl.command.1.tlog
c:\users\nzau\documents\git\ift3355\tp1\tmp\int\debug_win32\glfw\glfw.tlog\cl.read.1.tlog
c:\users\nzau\documents\git\ift3355\tp1\tmp\int\debug_win32\glfw\glfw.tlog\cl.write.1.tlog
c:\users\nzau\documents\git\ift3355\tp1\tmp\int\debug_win32\glfw\glfw.tlog\lib-link.read.1.tlog
c:\users\nzau\documents\git\ift3355\tp1\tmp\int\debug_win32\glfw\glfw.tlog\lib-link.write.1.tlog
c:\users\nzau\documents\git\ift3355\tp1\tmp\int\debug_win32\glfw\glfw.tlog\lib.command.1.tlog
