c:\users\nzau\documents\git\ift3355\tp1\tmp\int\debug_win32\glbase\vc120.pdb
c:\users\nzau\documents\git\ift3355\tp1\tmp\int\debug_win32\glbase\vc120.idb
c:\users\nzau\documents\git\ift3355\tp1\tmp\int\debug_win32\glbase\core.obj
c:\users\nzau\documents\git\ift3355\tp1\tmp\int\debug_win32\glbase\log.obj
c:\users\nzau\documents\git\ift3355\tp1\tmp\int\debug_win32\glbase\main.obj
c:\users\nzau\documents\git\ift3355\tp1\tmp\int\debug_win32\glbase\misc.obj
c:\users\nzau\documents\git\ift3355\tp1\tmp\int\debug_win32\glbase\scene.obj
c:\users\nzau\documents\git\ift3355\tp1\tmp\int\debug_win32\glbase\texture.obj
c:\users\nzau\documents\git\ift3355\tp1\tmp\int\debug_win32\glbase\tp1.obj
c:\users\nzau\documents\git\ift3355\tp1\build\debug_win32\glbase.lib
c:\users\nzau\documents\git\ift3355\tp1\build\debug_win32\glbase.exp
c:\users\nzau\documents\git\ift3355\tp1\build\debug_win32\glbase.ilk
c:\users\nzau\documents\git\ift3355\tp1\build\debug_win32\glbase.exe
c:\users\nzau\documents\git\ift3355\tp1\build\debug_win32\glbase.pdb
c:\users\nzau\documents\git\ift3355\tp1\vs12\..\build\debug_win32\glbase.pdb
c:\users\nzau\documents\git\ift3355\tp1\vs12\..\build\debug_win32\glbase.exe
c:\users\nzau\documents\git\ift3355\tp1\vs12\..\build\debug_win32\glbase.ilk
c:\users\nzau\documents\git\ift3355\tp1\tmp\int\debug_win32\glbase\glbase.tlog\cl.command.1.tlog
c:\users\nzau\documents\git\ift3355\tp1\tmp\int\debug_win32\glbase\glbase.tlog\cl.read.1.tlog
c:\users\nzau\documents\git\ift3355\tp1\tmp\int\debug_win32\glbase\glbase.tlog\cl.write.1.tlog
c:\users\nzau\documents\git\ift3355\tp1\tmp\int\debug_win32\glbase\glbase.tlog\glbase.write.1u.tlog
c:\users\nzau\documents\git\ift3355\tp1\tmp\int\debug_win32\glbase\glbase.tlog\link.command.1.tlog
c:\users\nzau\documents\git\ift3355\tp1\tmp\int\debug_win32\glbase\glbase.tlog\link.read.1.tlog
c:\users\nzau\documents\git\ift3355\tp1\tmp\int\debug_win32\glbase\glbase.tlog\link.write.1.tlog
